
> myapp@1.0.0 start
> expo start --host lan

Starting project at C:\Arduino\ArduinoTest\myApp
React Compiler enabled
Starting Metro Bundler
Waiting on http://localhost:8081
Logs for your project will appear below.
Web node_modules\expo-router\entry.js ░░░░░░░░░░░░░░░░  0.0% (0/1)
Web node_modules\expo-router\entry.js ▓▓▓▓▓▓▓▓▓▓▓▓▓▓▓░ 99.9% (1354/1355)
λ node_modules\expo-router\node\render.js ▓▓▓▓▓▓▓▓▓▓▓▓▓▓▓░ 99.9% (1360/1360)
λ Bundled 4018ms node_modules\expo-router\node\render.js (1363 modules)
Web Bundled 6574ms node_modules\expo-router\entry.js (1355 modules)
Web Bundled 479ms node_modules\expo-router\entry.js (1079 modules)
Web node_modules\expo-router\entry.js ▓▓▓▓▓▓▓▓▓▓▓▓▓░░░ 84.0% ( 989/1079)
 LOG  [web] Logs will appear in the browser console
Web node_modules\expo-router\entry.js ░░░░░░░░░░░░░░░░  0.0% (0/1)
λ Bundled 53ms node_modules\expo-router\node\render.js (1 module)
Web Bundled 606ms node_modules\expo-router\entry.js (1 module)
Web Bundled 45ms node_modules\expo-router\entry.js (1 module)
 LOG  [web] Logs will appear in the browser console
Android node_modules\expo-router\entry.js ░░░░░░░░░░░░░░░░  0.0% (0/1)
Android Bundled 3380ms node_modules\expo-router\entry.js (1608 modules)
 WARN  `expo-notifications` functionality is not fully supported in Expo Go:
We recommend you instead use a development build to avoid limitations. Learn more: https://expo.fyi/dev-client.
 ERROR  expo-notifications: Android Push notifications (remote notifications) functionality provided by expo-notifications was removed from Expo Go with the release of SDK 53. Use a development build instead of Expo Go. Read more at https://docs.expo.dev/develop/development-builds/introduction/. 

Call Stack
  construct (<native>)
  apply (<native>)
  _construct (node_modules\@babel\runtime\helpers\construct.js)
  Wrapper (node_modules\@babel\runtime\helpers\wrapNativeSuper.js)
  construct (<native>)
  _callSuper (node_modules\@babel\runtime\helpers\callSuper.js)
  NamelessError (node_modules\@expo\metro-runtime\src\metroServerLogs.native.ts)
  captureCurrentStack (node_modules\@expo\metro-runtime\src\metroServerLogs.native.ts)
  HMRClient.log (node_modules\@expo\metro-runtime\src\metroServerLogs.native.ts)
  console.level (node_modules\react-native\Libraries\Core\setUpDeveloperTools.js)
  warnOfExpoGoPushUsage (node_modules\expo-notifications\build\warnOfExpoGoPushUsage.js)
  addPushTokenListener (node_modules\expo-notifications\build\TokenEmitter.js)
  <global> (node_modules\expo-notifications\build\DevicePushTokenAutoRegistration.fx.js)
  loadModuleImplementation (node_modules\expo\node_modules\@expo\cli\build\metro-require\require.js)
  guardedLoadModule (node_modules\expo\node_modules\@expo\cli\build\metro-require\require.js)
  metroRequire (node_modules\expo\node_modules\@expo\cli\build\metro-require\require.js)
  <global> (node_modules\expo-notifications\build\getExpoPushTokenAsync.js)
  loadModuleImplementation (node_modules\expo\node_modules\@expo\cli\build\metro-require\require.js)
  guardedLoadModule (node_modules\expo\node_modules\@expo\cli\build\metro-require\require.js)
  metroRequire (node_modules\expo\node_modules\@expo\cli\build\metro-require\require.js)
  <global> (node_modules\expo-notifications\build\index.js)
  loadModuleImplementation (node_modules\expo\node_modules\@expo\cli\build\metro-require\require.js)
  guardedLoadModule (node_modules\expo\node_modules\@expo\cli\build\metro-require\require.js)
  metroRequire (node_modules\expo\node_modules\@expo\cli\build\metro-require\require.js)
  <global> (app\(tabs)\index.tsx)
  loadModuleImplementation (node_modules\expo\node_modules\@expo\cli\build\metro-require\require.js)
  guardedLoadModule (node_modules\expo\node_modules\@expo\cli\build\metro-require\require.js)
  metroRequire (node_modules\expo\node_modules\@expo\cli\build\metro-require\require.js)
  Object.defineProperties$argument_1.tabsIndexTsx.get (app)
  metroContext (app)
  node.loadRoute (node_modules\expo-router\build\getRoutesCore.js)
  getDirectoryTree (node_modules\expo-router\build\getRoutesCore.js)
  getDirectoryTree (node_modules\expo-router\build\getRoutesCore.js)
  getRoutes (node_modules\expo-router\build\getRoutesCore.js)
  getRoutes (node_modules\expo-router\build\getRoutes.js)
  useStore (node_modules\expo-router\build\global-state\router-store.js)
  ContextNavigator (node_modules\expo-router\build\ExpoRoot.js)
  callComponent.reactStackBottomFrame (node_modules\react-native\Libraries\Renderer\implementations\ReactFabric-dev.js)
  renderWithHooks (node_modules\react-native\Libraries\Renderer\implementations\ReactFabric-dev.js)
  updateFunctionComponent (node_modules\react-native\Libraries\Renderer\implementations\ReactFabric-dev.js)
  beginWork (node_modules\react-native\Libraries\Renderer\implementations\ReactFabric-dev.js)
  runWithFiberInDEV (node_modules\react-native\Libraries\Renderer\implementations\ReactFabric-dev.js)
  performUnitOfWork (node_modules\react-native\Libraries\Renderer\implementations\ReactFabric-dev.js)
  workLoopSync (node_modules\react-native\Libraries\Renderer\implementations\ReactFabric-dev.js)
  renderRootSync (node_modules\react-native\Libraries\Renderer\implementations\ReactFabric-dev.js)
  performWorkOnRoot (node_modules\react-native\Libraries\Renderer\implementations\ReactFabric-dev.js)
  performWorkOnRootViaSchedulerTask (node_modules\react-native\Libraries\Renderer\implementations\ReactFabric-dev.js) 

Call Stack
  ExpoRoot (node_modules\expo-router\build\ExpoRoot.js)
  App (node_modules\expo-router\build\qualified-entry.js)
  WithDevTools (node_modules\expo\src\launch\withDevTools.tsx)
 WARN  SafeAreaView has been deprecated and will be removed in a future release. Please use 'react-native-safe-area-context' instead. See https://github.com/th3rdwave/react-native-safe-area-context
 LOG  Error fetching automatic clothes: [AxiosError: Request failed with status code 504]
 LOG  Error fetching automatic light: [AxiosError: Request failed with status code 504]
 LOG  Error fetching automatic yard light: [AxiosError: Request failed with status code 504]
Web node_modules\expo-router\entry.js ░░░░░░░░░░░░░░░░  0.0% (0/1)
Web Bundled 423ms node_modules\expo-router\entry.js (1 module)
λ Bundled 578ms node_modules\expo-router\node\render.js (1 module)
Web Bundled 38ms node_modules\expo-router\entry.js (1 module)
 LOG  [web] Logs will appear in the browser console
Web node_modules\expo-router\entry.js ░░░░░░░░░░░░░░░░  0.0% (0/1)
λ Bundled 57ms node_modules\expo-router\node\render.js (1 module)
λ Bundled 42ms node_modules\expo-router\node\render.js (1 module)
λ Bundled 41ms node_modules\expo-router\node\render.js (1 module)
λ Bundled 27ms node_modules\expo-router\node\render.js (1 module)
λ Bundled 35ms node_modules\expo-router\node\render.js (1 module)
λ Bundled 36ms node_modules\expo-router\node\render.js (1 module)
Web Bundled 2412ms node_modules\expo-router\entry.js (1 module)
Web Bundled 2308ms node_modules\expo-router\entry.js (1 module)
Web Bundled 2226ms node_modules\expo-router\entry.js (1 module)
Web Bundled 1916ms node_modules\expo-router\entry.js (1 module)
Web Bundled 1457ms node_modules\expo-router\entry.js (1 module)
Web Bundled 1379ms node_modules\expo-router\entry.js (1 module)
λ Bundled 28ms node_modules\expo-router\node\render.js (1 module)
Web Bundled 334ms node_modules\expo-router\entry.js (1 module)
Web node_modules\expo-router\entry.js ░░░░░░░░░░░░░░░░  0.0% (0/1)
λ Bundled 32ms node_modules\expo-router\node\render.js (1 module)
Web Bundled 382ms node_modules\expo-router\entry.js (1 module)
Web node_modules\expo-router\entry.js ░░░░░░░░░░░░░░░░  0.0% (0/1)
λ Bundled 25ms node_modules\expo-router\node\render.js (1 module)
λ Bundled 53ms node_modules\expo-router\node\render.js (1 module)
Web Bundled 770ms node_modules\expo-router\entry.js (1 module)
Web Bundled 478ms node_modules\expo-router\entry.js (1 module)
Web node_modules\expo-router\entry.js ░░░░░░░░░░░░░░░░  0.0% (0/1)
λ Bundled 38ms node_modules\expo-router\node\render.js (1 module)
Web Bundled 525ms node_modules\expo-router\entry.js (1 module)
Web node_modules\expo-router\entry.js ░░░░░░░░░░░░░░░░  0.0% (0/1)
λ Bundled 28ms node_modules\expo-router\node\render.js (1 module)
Web Bundled 306ms node_modules\expo-router\entry.js (1 module)
Web node_modules\expo-router\entry.js ░░░░░░░░░░░░░░░░  0.0% (0/1)
λ Bundled 53ms node_modules\expo-router\node\render.js (1 module)
λ Bundled 31ms node_modules\expo-router\node\render.js (1 module)
Web Bundled 745ms node_modules\expo-router\entry.js (1 module)
Web Bundled 405ms node_modules\expo-router\entry.js (1 module)
Web node_modules\expo-router\entry.js ░░░░░░░░░░░░░░░░  0.0% (0/1)
λ Bundled 112ms node_modules\expo-router\node\render.js (1 module)
Web Bundled 657ms node_modules\expo-router\entry.js (1 module)
Web node_modules\expo-router\entry.js ░░░░░░░░░░░░░░░░  0.0% (0/1)
λ Bundled 25ms node_modules\expo-router\node\render.js (1 module)
Web Bundled 334ms node_modules\expo-router\entry.js (1 module)
Web node_modules\expo-router\entry.js ░░░░░░░░░░░░░░░░  0.0% (0/1)
λ Bundled 23ms node_modules\expo-router\node\render.js (1 module)
λ Bundled 37ms node_modules\expo-router\node\render.js (1 module)
Web Bundled 881ms node_modules\expo-router\entry.js (1 module)
Web Bundled 400ms node_modules\expo-router\entry.js (1 module)
Web node_modules\expo-router\entry.js ░░░░░░░░░░░░░░░░  0.0% (0/1)
λ Bundled 40ms node_modules\expo-router\node\render.js (1 module)
Web Bundled 320ms node_modules\expo-router\entry.js (1 module)
Web node_modules\expo-router\entry.js ░░░░░░░░░░░░░░░░  0.0% (0/1)
λ Bundled 26ms node_modules\expo-router\node\render.js (1 module)
Web Bundled 317ms node_modules\expo-router\entry.js (1 module)
Web node_modules\expo-router\entry.js ░░░░░░░░░░░░░░░░  0.0% (0/1)
λ Bundled 23ms node_modules\expo-router\node\render.js (1 module)
λ Bundled 32ms node_modules\expo-router\node\render.js (1 module)
Web Bundled 721ms node_modules\expo-router\entry.js (1 module)
Web Bundled 330ms node_modules\expo-router\entry.js (1 module)
Web node_modules\expo-router\entry.js ░░░░░░░░░░░░░░░░  0.0% (0/1)
λ Bundled 46ms node_modules\expo-router\node\render.js (1 module)
Web Bundled 300ms node_modules\expo-router\entry.js (1 module)
Web node_modules\expo-router\entry.js ░░░░░░░░░░░░░░░░  0.0% (0/1)
λ Bundled 25ms node_modules\expo-router\node\render.js (1 module)
Web Bundled 376ms node_modules\expo-router\entry.js (1 module)
Web node_modules\expo-router\entry.js ░░░░░░░░░░░░░░░░  0.0% (0/1)
λ Bundled 28ms node_modules\expo-router\node\render.js (1 module)
λ Bundled 29ms node_modules\expo-router\node\render.js (1 module)
Web Bundled 632ms node_modules\expo-router\entry.js (1 module)
Web Bundled 343ms node_modules\expo-router\entry.js (1 module)
Web node_modules\expo-router\entry.js ░░░░░░░░░░░░░░░░  0.0% (0/1)
λ Bundled 26ms node_modules\expo-router\node\render.js (1 module)
Web Bundled 304ms node_modules\expo-router\entry.js (1 module)
Web node_modules\expo-router\entry.js ░░░░░░░░░░░░░░░░  0.0% (0/1)
λ Bundled 40ms node_modules\expo-router\node\render.js (1 module)
Web Bundled 444ms node_modules\expo-router\entry.js (1 module)
Web node_modules\expo-router\entry.js ░░░░░░░░░░░░░░░░  0.0% (0/1)
λ Bundled 30ms node_modules\expo-router\node\render.js (1 module)
λ Bundled 43ms node_modules\expo-router\node\render.js (1 module)
Web Bundled 625ms node_modules\expo-router\entry.js (1 module)
Web Bundled 349ms node_modules\expo-router\entry.js (1 module)
Web node_modules\expo-router\entry.js ░░░░░░░░░░░░░░░░  0.0% (0/1)
λ Bundled 27ms node_modules\expo-router\node\render.js (1 module)
Web Bundled 307ms node_modules\expo-router\entry.js (1 module)
Web node_modules\expo-router\entry.js ░░░░░░░░░░░░░░░░  0.0% (0/1)
λ Bundled 39ms node_modules\expo-router\node\render.js (1 module)
Web Bundled 336ms node_modules\expo-router\entry.js (1 module)
Web node_modules\expo-router\entry.js ░░░░░░░░░░░░░░░░  0.0% (0/1)
λ Bundled 28ms node_modules\expo-router\node\render.js (1 module)
λ Bundled 26ms node_modules\expo-router\node\render.js (1 module)
Web Bundled 827ms node_modules\expo-router\entry.js (1 module)
Web Bundled 502ms node_modules\expo-router\entry.js (1 module)
Web node_modules\expo-router\entry.js ░░░░░░░░░░░░░░░░  0.0% (0/1)
λ Bundled 30ms node_modules\expo-router\node\render.js (1 module)
Web Bundled 336ms node_modules\expo-router\entry.js (1 module)
Web node_modules\expo-router\entry.js ░░░░░░░░░░░░░░░░  0.0% (0/1)
λ Bundled 31ms node_modules\expo-router\node\render.js (1 module)
Web Bundled 355ms node_modules\expo-router\entry.js (1 module)
Web node_modules\expo-router\entry.js ░░░░░░░░░░░░░░░░  0.0% (0/1)
λ Bundled 41ms node_modules\expo-router\node\render.js (1 module)
λ Bundled 33ms node_modules\expo-router\node\render.js (1 module)
Web Bundled 798ms node_modules\expo-router\entry.js (1 module)
Web Bundled 474ms node_modules\expo-router\entry.js (1 module)
Web node_modules\expo-router\entry.js ░░░░░░░░░░░░░░░░  0.0% (0/1)
λ Bundled 29ms node_modules\expo-router\node\render.js (1 module)
Web Bundled 314ms node_modules\expo-router\entry.js (1 module)
Web node_modules\expo-router\entry.js ░░░░░░░░░░░░░░░░  0.0% (0/1)
λ Bundled 25ms node_modules\expo-router\node\render.js (1 module)
Web Bundled 323ms node_modules\expo-router\entry.js (1 module)
Web node_modules\expo-router\entry.js ░░░░░░░░░░░░░░░░  0.0% (0/1)
λ Bundled 60ms node_modules\expo-router\node\render.js (1 module)
λ Bundled 41ms node_modules\expo-router\node\render.js (1 module)
Web Bundled 839ms node_modules\expo-router\entry.js (1 module)
Web Bundled 580ms node_modules\expo-router\entry.js (1 module)
Web node_modules\expo-router\entry.js ░░░░░░░░░░░░░░░░  0.0% (0/1)
λ Bundled 24ms node_modules\expo-router\node\render.js (1 module)
Web Bundled 343ms node_modules\expo-router\entry.js (1 module)
Web node_modules\expo-router\entry.js ░░░░░░░░░░░░░░░░  0.0% (0/1)
λ Bundled 28ms node_modules\expo-router\node\render.js (1 module)
Web Bundled 324ms node_modules\expo-router\entry.js (1 module)
Web node_modules\expo-router\entry.js ░░░░░░░░░░░░░░░░  0.0% (0/1)
λ Bundled 27ms node_modules\expo-router\node\render.js (1 module)
λ Bundled 25ms node_modules\expo-router\node\render.js (1 module)
Web Bundled 658ms node_modules\expo-router\entry.js (1 module)
Web Bundled 343ms node_modules\expo-router\entry.js (1 module)
Web node_modules\expo-router\entry.js ░░░░░░░░░░░░░░░░  0.0% (0/1)
λ Bundled 30ms node_modules\expo-router\node\render.js (1 module)
Web Bundled 426ms node_modules\expo-router\entry.js (1 module)
Web node_modules\expo-router\entry.js ░░░░░░░░░░░░░░░░  0.0% (0/1)
λ Bundled 28ms node_modules\expo-router\node\render.js (1 module)
Web Bundled 356ms node_modules\expo-router\entry.js (1 module)
Web node_modules\expo-router\entry.js ░░░░░░░░░░░░░░░░  0.0% (0/1)
λ Bundled 32ms node_modules\expo-router\node\render.js (1 module)
λ Bundled 31ms node_modules\expo-router\node\render.js (1 module)
Web Bundled 725ms node_modules\expo-router\entry.js (1 module)
Web Bundled 394ms node_modules\expo-router\entry.js (1 module)
Web node_modules\expo-router\entry.js ░░░░░░░░░░░░░░░░  0.0% (0/1)
λ Bundled 31ms node_modules\expo-router\node\render.js (1 module)
Web Bundled 417ms node_modules\expo-router\entry.js (1 module)
Web node_modules\expo-router\entry.js ░░░░░░░░░░░░░░░░  0.0% (0/1)
λ Bundled 38ms node_modules\expo-router\node\render.js (1 module)
Web Bundled 756ms node_modules\expo-router\entry.js (1 module)
Web node_modules\expo-router\entry.js ░░░░░░░░░░░░░░░░  0.0% (0/1)
λ Bundled 28ms node_modules\expo-router\node\render.js (1 module)
λ Bundled 48ms node_modules\expo-router\node\render.js (1 module)
Web Bundled 692ms node_modules\expo-router\entry.js (1 module)
Web Bundled 379ms node_modules\expo-router\entry.js (1 module)
Web node_modules\expo-router\entry.js ░░░░░░░░░░░░░░░░  0.0% (0/1)
λ Bundled 27ms node_modules\expo-router\node\render.js (1 module)
Web Bundled 325ms node_modules\expo-router\entry.js (1 module)
Web node_modules\expo-router\entry.js ░░░░░░░░░░░░░░░░  0.0% (0/1)
λ Bundled 24ms node_modules\expo-router\node\render.js (1 module)
Web Bundled 376ms node_modules\expo-router\entry.js (1 module)
Web node_modules\expo-router\entry.js ░░░░░░░░░░░░░░░░  0.0% (0/1)
λ Bundled 22ms node_modules\expo-router\node\render.js (1 module)
λ Bundled 30ms node_modules\expo-router\node\render.js (1 module)
Web Bundled 824ms node_modules\expo-router\entry.js (1 module)
Web Bundled 522ms node_modules\expo-router\entry.js (1 module)
Web node_modules\expo-router\entry.js ░░░░░░░░░░░░░░░░  0.0% (0/1)
λ Bundled 34ms node_modules\expo-router\node\render.js (1 module)
Web Bundled 326ms node_modules\expo-router\entry.js (1 module)
Web node_modules\expo-router\entry.js ░░░░░░░░░░░░░░░░  0.0% (0/1)
λ Bundled 29ms node_modules\expo-router\node\render.js (1 module)
Web Bundled 301ms node_modules\expo-router\entry.js (1 module)
Web node_modules\expo-router\entry.js ░░░░░░░░░░░░░░░░  0.0% (0/1)
λ Bundled 33ms node_modules\expo-router\node\render.js (1 module)
λ Bundled 25ms node_modules\expo-router\node\render.js (1 module)
Web Bundled 762ms node_modules\expo-router\entry.js (1 module)
Web Bundled 436ms node_modules\expo-router\entry.js (1 module)
Web node_modules\expo-router\entry.js ░░░░░░░░░░░░░░░░  0.0% (0/1)
λ Bundled 30ms node_modules\expo-router\node\render.js (1 module)
Web Bundled 316ms node_modules\expo-router\entry.js (1 module)
Web node_modules\expo-router\entry.js ░░░░░░░░░░░░░░░░  0.0% (0/1)
λ Bundled 30ms node_modules\expo-router\node\render.js (1 module)
Web Bundled 334ms node_modules\expo-router\entry.js (1 module)
Web node_modules\expo-router\entry.js ░░░░░░░░░░░░░░░░  0.0% (0/1)
λ Bundled 41ms node_modules\expo-router\node\render.js (1 module)
Web Bundled 411ms node_modules\expo-router\entry.js (1 module)
Web Bundled 69ms node_modules\expo-router\entry.js (1 module)
 LOG  [web] Logs will appear in the browser console
